[debug] [2017-07-12T23:42:30.634Z] ----------------------------------------------------------------------
[debug] [2017-07-12T23:42:30.637Z] Command:      /Users/torchh/.nvm/versions/node/v6.10.3/bin/node /Users/torchh/.nvm/versions/node/v6.10.3/bin/firebase deploy --only functions
[debug] [2017-07-12T23:42:30.637Z] CLI Version:  3.9.1
[debug] [2017-07-12T23:42:30.637Z] Platform:     darwin
[debug] [2017-07-12T23:42:30.637Z] Node Version: v6.10.3
[debug] [2017-07-12T23:42:30.638Z] Time:         Wed Jul 12 2017 16:42:30 GMT-0700 (PDT)
[debug] [2017-07-12T23:42:30.638Z] ----------------------------------------------------------------------
[debug] 
[debug] [2017-07-12T23:42:30.651Z] > command requires scopes: ["email","openid","https://www.googleapis.com/auth/cloudplatformprojects.readonly","https://www.googleapis.com/auth/firebase","https://www.googleapis.com/auth/cloud-platform"]
[debug] [2017-07-12T23:42:30.651Z] > authorizing via signed-in user
[debug] [2017-07-12T23:42:30.653Z] >>> HTTP REQUEST GET https://admin.firebase.com/v1/projects/ampstart-torch2424  
 Wed Jul 12 2017 16:42:30 GMT-0700 (PDT)
[debug] [2017-07-12T23:42:32.544Z] <<< HTTP RESPONSE 200
[debug] [2017-07-12T23:42:32.545Z] >>> HTTP REQUEST GET https://admin.firebase.com/v1/database/ampstart-torch2424/tokens  
 Wed Jul 12 2017 16:42:32 GMT-0700 (PDT)
[debug] [2017-07-12T23:42:33.155Z] <<< HTTP RESPONSE 200
[info] 
[info] === Deploying to 'ampstart-torch2424'...
[info] 
[info] i  deploying functions
[debug] [2017-07-12T23:42:33.865Z] > [functions] package.json contents: {
  "name": "functions",
  "description": "Cloud Functions for Firebase",
  "dependencies": {
    "firebase-admin": "~4.2.1",
    "firebase-functions": "^0.5.7"
  },
  "private": true
}
[info] i  functions: ensuring necessary APIs are enabled...
[info] i  runtimeconfig: ensuring necessary APIs are enabled...
[debug] [2017-07-12T23:42:33.866Z] >>> HTTP REQUEST GET https://servicemanagement.googleapis.com/v1/services/cloudfunctions.googleapis.com/projectSettings/ampstart-torch2424?view=CONSUMER_VIEW  
 Wed Jul 12 2017 16:42:33 GMT-0700 (PDT)
[debug] [2017-07-12T23:42:33.867Z] >>> HTTP REQUEST GET https://servicemanagement.googleapis.com/v1/services/runtimeconfig.googleapis.com/projectSettings/ampstart-torch2424?view=CONSUMER_VIEW  
 Wed Jul 12 2017 16:42:33 GMT-0700 (PDT)
[debug] [2017-07-12T23:42:34.486Z] <<< HTTP RESPONSE 200
[info] ✔  runtimeconfig: all necessary APIs are enabled
[debug] [2017-07-12T23:42:34.524Z] <<< HTTP RESPONSE 200
[info] ✔  functions: all necessary APIs are enabled
[debug] [2017-07-12T23:42:34.525Z] >>> HTTP REQUEST GET https://appengine.googleapis.com/v1/apps/ampstart-torch2424  
 Wed Jul 12 2017 16:42:34 GMT-0700 (PDT)
[debug] [2017-07-12T23:42:34.525Z] >>> HTTP REQUEST GET https://apikeys.googleapis.com/v1/projects/ampstart-torch2424/apiKeys  
 Wed Jul 12 2017 16:42:34 GMT-0700 (PDT)
[debug] [2017-07-12T23:42:34.862Z] <<< HTTP RESPONSE 200
[debug] [2017-07-12T23:42:34.961Z] <<< HTTP RESPONSE 200
[info] i  functions: preparing functions directory for uploading...
[debug] [2017-07-12T23:42:36.204Z] >>> HTTP REQUEST GET https://runtimeconfig.googleapis.com/v1beta1/projects/ampstart-torch2424/configs  
 Wed Jul 12 2017 16:42:36 GMT-0700 (PDT)
[debug] [2017-07-12T23:42:36.331Z] <<< HTTP RESPONSE 200
[info] i  functions: packaged functions (5.64 KB) for uploading
[debug] [2017-07-12T23:42:37.235Z] >>> HTTP REQUEST GET https://www.googleapis.com/storage/v1/b/staging.ampstart-torch2424.appspot.com  
 Wed Jul 12 2017 16:42:37 GMT-0700 (PDT)
[debug] [2017-07-12T23:42:37.377Z] <<< HTTP RESPONSE 200
[debug] [2017-07-12T23:42:37.377Z] >>> HTTP REQUEST POST https://www.googleapis.com/upload/storage/v1/b/staging.ampstart-torch2424.appspot.com/o?uploadType=media&name=firebase-functions-source ReadStream {
  _readableState: 
   ReadableState {
     objectMode: false,
     highWaterMark: 65536,
     buffer: BufferList { head: [Object], tail: [Object], length: 1 },
     length: 5772,
     pipes: null,
     pipesCount: 0,
     flowing: null,
     ended: true,
     endEmitted: false,
     reading: false,
     sync: false,
     needReadable: false,
     emittedReadable: true,
     readableListening: false,
     resumeScheduled: false,
     defaultEncoding: 'utf8',
     ranOut: false,
     awaitDrain: 0,
     readingMore: false,
     decoder: null,
     encoding: null },
  readable: true,
  domain: null,
  _events: { end: [Function] },
  _eventsCount: 1,
  _maxListeners: undefined,
  path: '/var/folders/nk/fhw2dt5s61s_fzhfldv53d5m00fh09/T/firebase-functions-472639t2la7CvBZdD.zip',
  fd: 19,
  flags: 'r',
  mode: 438,
  start: undefined,
  end: undefined,
  autoClose: true,
  pos: undefined,
  bytesRead: 5772 } 
 Wed Jul 12 2017 16:42:37 GMT-0700 (PDT)
[debug] [2017-07-12T23:42:37.865Z] <<< HTTP RESPONSE 200
[info] ✔  functions: functions folder uploaded successfully
[info] i  starting release process (may take several minutes)...
[debug] [2017-07-12T23:42:37.867Z] >>> HTTP REQUEST GET https://cloudfunctions.googleapis.com/v1beta2/projects/ampstart-torch2424/locations/us-central1/functions  
 Wed Jul 12 2017 16:42:37 GMT-0700 (PDT)
[debug] [2017-07-12T23:42:38.298Z] <<< HTTP RESPONSE 200
[info] i  functions: updating function testFunction...
[debug] [2017-07-12T23:42:38.302Z] Trigger is: 
[info] i  functions: updating function helloWorld...
[debug] [2017-07-12T23:42:38.303Z] Trigger is: 
[debug] [2017-07-12T23:42:38.303Z] >>> HTTP REQUEST PUT https://cloudfunctions.googleapis.com/v1beta2/projects/ampstart-torch2424/locations/us-central1/functions/testFunction { sourceArchiveUrl: 'gs://staging.ampstart-torch2424.appspot.com/firebase-functions-source',
  name: 'projects/ampstart-torch2424/locations/us-central1/functions/testFunction',
  entryPoint: 'testFunction',
  timeout: '60s',
  availableMemoryMb: 256,
  httpsTrigger: {} } 
 Wed Jul 12 2017 16:42:38 GMT-0700 (PDT)
[debug] [2017-07-12T23:42:38.304Z] >>> HTTP REQUEST PUT https://cloudfunctions.googleapis.com/v1beta2/projects/ampstart-torch2424/locations/us-central1/functions/helloWorld { sourceArchiveUrl: 'gs://staging.ampstart-torch2424.appspot.com/firebase-functions-source',
  name: 'projects/ampstart-torch2424/locations/us-central1/functions/helloWorld',
  entryPoint: 'helloWorld',
  timeout: '60s',
  availableMemoryMb: 256,
  httpsTrigger: {} } 
 Wed Jul 12 2017 16:42:38 GMT-0700 (PDT)
[debug] [2017-07-12T23:42:38.478Z] <<< HTTP RESPONSE 200
[debug] [2017-07-12T23:42:38.660Z] <<< HTTP RESPONSE 200
[debug] [2017-07-12T23:42:38.662Z] >>> HTTP REQUEST GET https://cloudfunctions.googleapis.com/v1beta2/projects/ampstart-torch2424/locations/us-central1/functions  
 Wed Jul 12 2017 16:42:38 GMT-0700 (PDT)
[debug] [2017-07-12T23:42:38.663Z] >>> HTTP REQUEST GET https://cloudfunctions.googleapis.com/v1beta2/operations/YW1wc3RhcnQtdG9yY2gyNDI0L3VzLWNlbnRyYWwxL3Rlc3RGdW5jdGlvbi9UcjVReUF3clJiYw  
 Wed Jul 12 2017 16:42:38 GMT-0700 (PDT)
[debug] [2017-07-12T23:42:38.663Z] >>> HTTP REQUEST GET https://cloudfunctions.googleapis.com/v1beta2/operations/YW1wc3RhcnQtdG9yY2gyNDI0L3VzLWNlbnRyYWwxL2hlbGxvV29ybGQvNHVDTHpieXNBSzQ  
 Wed Jul 12 2017 16:42:38 GMT-0700 (PDT)
[debug] [2017-07-12T23:42:38.805Z] <<< HTTP RESPONSE 200
